* Host localhost:3000 was resolved.
* IPv6: ::1
* IPv4: 127.0.0.1
  % Total    % Received % Xferd  Average Speed   Time    Time     Time  Current
                                 Dload  Upload   Total   Spent    Left  Speed
  0     0    0     0    0     0      0      0 --:--:-- --:--:-- --:--:--     0*   Trying [::1]:3000...
* Connected to localhost (::1) port 3000
> POST /api/marketing/sync HTTP/1.1
> Host: localhost:3000
> User-Agent: curl/8.7.1
> Accept: */*
> 
* Request completely sent off
< HTTP/1.1 500 Internal Server Error
< vary: rsc, next-router-state-tree, next-router-prefetch, next-router-segment-prefetch
< content-type: application/json
< Date: Sat, 31 Jan 2026 11:28:36 GMT
< Connection: keep-alive
< Keep-Alive: timeout=5
< Transfer-Encoding: chunked
< 
  0     0    0     0    0     0      0      0 --:--:--  0:00:01 --:--:--     0{ [731 bytes data]
100   719    0   719    0     0    685      0 --:--:--  0:00:01 --:--:--   685
* Connection #0 to host localhost left intact
{"error":"(#100) For field 'insights': date_preset must be one of the following values: today, yesterday, this_month, last_month, this_quarter, maximum, data_maximum, last_3d, last_7d, last_14d, last_28d, last_30d, last_90d, last_week_mon_sun, last_week_sun_sat, last_quarter, last_year, this_week_mon_today, this_week_sun_today, this_year","details":{"success":false,"error":"(#100) For field 'insights': date_preset must be one of the following values: today, yesterday, this_month, last_month, this_quarter, maximum, data_maximum, last_3d, last_7d, last_14d, last_28d, last_30d, last_90d, last_week_mon_sun, last_week_sun_sat, last_quarter, last_year, this_week_mon_today, this_week_sun_today, this_year","logs":[]}}